Script started
Form data: Array
(
    [username-6] => Test@test.com
    [user_password-6] => 4
    [form_id] => 6
    [um_request] => 
    [_wpnonce] => 872fb51ed6
    [_wp_http_referer] => /login/
)

Script started
Form data: Array
(
    [username-6] => Test@test.com
    [user_password-6] => 4
    [form_id] => 6
    [um_request] => 
    [_wpnonce] => 872fb51ed6
    [_wp_http_referer] => /login/
)

Script started
Form data: Array
(
    [username-6] => Test@test.com
    [user_password-6] => 4
    [form_id] => 6
    [um_request] => 
    [_wpnonce] => 872fb51ed6
    [_wp_http_referer] => /login/
)

Script started
Form data: Array
(
    [username-6] => Test@Test.com
    [user_password-6] => 4
    [form_id] => 6
    [um_request] => 
    [_wpnonce] => 872fb51ed6
    [_wp_http_referer] => /login/
)

Script started
Form data: Array
(
    [username-6] => Test@Test.com
    [user_password-6] => 4
    [form_id] => 6
    [um_request] => 
    [_wpnonce] => 872fb51ed6
    [_wp_http_referer] => /login/
)

Script started
Form data: Array
(
    [username-6] => Test@Test.com
    [user_password-6] => 4
    [form_id] => 6
    [um_request] => 
    [_wpnonce] => 872fb51ed6
    [_wp_http_referer] => /login/
)

Script started
Form data: Array
(
    [username-6] => TEST@TEST.COM
    [user_password-6] => 4
    [form_id] => 6
    [um_request] => 
    [_wpnonce] => 872fb51ed6
    [_wp_http_referer] => /login/
)

Script started
Form data: Array
(
    [username-6] => Test@Test.com
    [user_password-6] => 4
    [form_id] => 6
    [um_request] => 
    [_wpnonce] => 872fb51ed6
    [_wp_http_referer] => /login/
)

Script started
Form data: Array
(
    [user_email-6] => Test@test.com
    [user_password-6] => 4
    [form_id] => 6
    [um_request] => 
    [_wpnonce] => 872fb51ed6
    [_wp_http_referer] => /login/
)

Script started
Form data: Array
(
    [user_email-6] => Test@test.com
    [user_password-6] => 4
    [form_id] => 6
    [um_request] => 
    [_wpnonce] => 872fb51ed6
    [_wp_http_referer] => /login/
)

Script started
Form data: Array
(
    [user_email-6] => Test@Test.com
    [user_password-6] => 4
    [form_id] => 6
    [um_request] => 
    [_wpnonce] => 872fb51ed6
    [_wp_http_referer] => /login/
)

Script started
Form data: Array
(
    [user_email-6] => Test@Test.com
    [user_password-6] => 4
    [form_id] => 6
    [um_request] => 
    [_wpnonce] => 872fb51ed6
    [_wp_http_referer] => /login/
)

Script started
Form data: Array
(
    [user_email-6] => Test@Test.com
    [user_password-6] => 4
    [form_id] => 6
    [um_request] => 
    [_wpnonce] => 872fb51ed6
    [_wp_http_referer] => /login/
)

Script started
Form data: Array
(
    [user_email-6] => Test@Test.com
    [user_password-6] => 4
    [form_id] => 6
    [um_request] => 
    [_wpnonce] => 872fb51ed6
    [_wp_http_referer] => /login/
)

